0 info it worked if it ends with ok
1 verbose cli [ 'node', '/usr/local/bin/npm', 'run-script', 'teste' ]
2 info using npm@2.10.1
3 info using node@v0.12.4
4 verbose node symlink /usr/local/bin/node
5 verbose run-script [ 'preteste', 'teste', 'postteste' ]
6 info preteste aliado@1.0.0
7 info teste aliado@1.0.0
8 verbose unsafe-perm in lifecycle true
9 info aliado@1.0.0 Failed to exec teste script
10 verbose stack Error: aliado@1.0.0 teste: `mocha`
10 verbose stack Exit status 1
10 verbose stack     at EventEmitter.<anonymous> (/usr/local/lib/node_modules/npm/lib/utils/lifecycle.js:213:16)
10 verbose stack     at EventEmitter.emit (events.js:110:17)
10 verbose stack     at ChildProcess.<anonymous> (/usr/local/lib/node_modules/npm/lib/utils/spawn.js:24:14)
10 verbose stack     at ChildProcess.emit (events.js:110:17)
10 verbose stack     at maybeClose (child_process.js:1015:16)
10 verbose stack     at Process.ChildProcess._handle.onexit (child_process.js:1087:5)
11 verbose pkgid aliado@1.0.0
12 verbose cwd /Users/leonardo/Documents/Projetos/nodejs/game-aliado
13 error Darwin 14.3.0
14 error argv "node" "/usr/local/bin/npm" "run-script" "teste"
15 error node v0.12.4
16 error npm  v2.10.1
17 error code ELIFECYCLE
18 error aliado@1.0.0 teste: `mocha`
18 error Exit status 1
19 error Failed at the aliado@1.0.0 teste script 'mocha'.
19 error This is most likely a problem with the aliado package,
19 error not with npm itself.
19 error Tell the author that this fails on your system:
19 error     mocha
19 error You can get their info via:
19 error     npm owner ls aliado
19 error There is likely additional logging output above.
20 verbose exit [ 1, true ]
